<?xml version="1.0" encoding="UTF-8"?>
<!-- Generated by org.testng.reporters.JUnitReportReporter -->
<testsuite hostname="D-Link" name="PageActions.ToTestonly" tests="1" failures="0" timestamp="7 May 2017 16:09:01 GMT" time="0.234" errors="0">
  <testcase name="testusername" time="0.234" classname="PageActions.ToTestonly"/>
</testsuite> <!-- PageActions.ToTestonly -->
