<?xml version="1.0" encoding="UTF-8"?>
<!-- Generated by org.testng.reporters.JUnitReportReporter -->
<testsuite hostname="D-Link" name="PageActions.testdataprovider" tests="1" failures="0" timestamp="7 May 2017 07:02:49 GMT" time="0.965" errors="0">
  <testcase name="testusername" time="0.965" classname="PageActions.testdataprovider"/>
</testsuite> <!-- PageActions.testdataprovider -->
