<?xml version="1.0" encoding="UTF-8"?>
<!-- Generated by org.testng.reporters.JUnitReportReporter -->
<testsuite hostname="D-Link" name="PageActions.ToTestDataHelper" tests="1" failures="0" timestamp="7 May 2017 08:33:51 GMT" time="0.905" errors="0">
  <testcase name="testusername" time="0.905" classname="PageActions.ToTestDataHelper"/>
</testsuite> <!-- PageActions.ToTestDataHelper -->
